<?xml version="1.0" encoding="UTF-8"?>
<!-- Generated by org.testng.reporters.JUnitReportReporter -->
<testsuite hostname="PS040" failures="0" tests="1" name="testcases.TC_1" time="8.038" errors="0" timestamp="2025-02-18T10:23:46 IST" skipped="0">
  <testcase classname="testcases.TC_1" name="login" time="8.038"/>
  <system-out/>
</testsuite> <!-- testcases.TC_1 -->
