<?xml version="1.0" encoding="UTF-8"?>
<!-- Generated by org.testng.reporters.JUnitReportReporter -->
<testsuite hostname="PS040" failures="0" tests="1" name="pageobjects.Login_page" time="4.521" errors="0" timestamp="2025-02-17T12:18:32 IST" skipped="0">
  <testcase classname="pageobjects.Login_page" name="launchapp" time="4.521"/>
  <system-out/>
</testsuite> <!-- pageobjects.Login_page -->
