<?xml version="1.0" encoding="UTF-8"?>
<!-- Generated by org.testng.reporters.JUnitReportReporter -->
<testsuite hostname="PS040" failures="0" tests="1" name="com.tests.TC_9" time="2.936" errors="0" timestamp="2025-05-12T15:59:57 IST" skipped="0">
  <testcase classname="com.tests.TC_9" name="TC9_Activatetv" time="2.936"/>
</testsuite> <!-- com.tests.TC_9 -->
