<?xml version="1.0" encoding="UTF-8"?>
<!-- Generated by org.testng.reporters.JUnitReportReporter -->
<testsuite hostname="PS040" failures="0" tests="1" name="com.pom.Login_page" time="6.117" errors="0" timestamp="2025-02-18T13:21:53 IST" skipped="0">
  <testcase classname="com.pom.Login_page" name="launchapp" time="6.117"/>
  <system-out/>
</testsuite> <!-- com.pom.Login_page -->
